DEB [20140329-17:17:26.003] thr=1   paramiko.transport: starting thread (client mode): 0x61a9b50L
INF [20140329-17:17:26.572] thr=1   paramiko.transport: Connected (version 2.0, client OpenSSH_6.2p2)
DEB [20140329-17:17:26.585] thr=1   paramiko.transport: kex algos:['ecdh-sha2-nistp256', 'ecdh-sha2-nistp384', 'ecdh-sha2-nistp521', 'diffie-hellman-group-exchange-sha256', 'diffie-hellman-group-exchange-sha1', 'diffie-hellman-group14-sha1', 'diffie-hellman-group1-sha1'] server key:['ssh-rsa', 'ssh-dss', 'ecdsa-sha2-nistp256'] client encrypt:['aes128-ctr', 'aes192-ctr', 'aes256-ctr', 'arcfour256', 'arcfour128', 'aes128-gcm@openssh.com', 'aes256-gcm@openssh.com', 'aes128-cbc', '3des-cbc', 'blowfish-cbc', 'cast128-cbc', 'aes192-cbc', 'aes256-cbc', 'arcfour', 'rijndael-cbc@lysator.liu.se'] server encrypt:['aes128-ctr', 'aes192-ctr', 'aes256-ctr', 'arcfour256', 'arcfour128', 'aes128-gcm@openssh.com', 'aes256-gcm@openssh.com', 'aes128-cbc', '3des-cbc', 'blowfish-cbc', 'cast128-cbc', 'aes192-cbc', 'aes256-cbc', 'arcfour', 'rijndael-cbc@lysator.liu.se'] client mac:['hmac-md5-etm@openssh.com', 'hmac-sha1-etm@openssh.com', 'umac-64-etm@openssh.com', 'umac-128-etm@openssh.com', 'hmac-sha2-256-etm@openssh.com', 'hmac-sha2-512-etm@openssh.com', 'hmac-ripemd160-etm@openssh.com', 'hmac-sha1-96-etm@openssh.com', 'hmac-md5-96-etm@openssh.com', 'hmac-md5', 'hmac-sha1', 'umac-64@openssh.com', 'umac-128@openssh.com', 'hmac-sha2-256', 'hmac-sha2-512', 'hmac-ripemd160', 'hmac-ripemd160@openssh.com', 'hmac-sha1-96', 'hmac-md5-96'] server mac:['hmac-md5-etm@openssh.com', 'hmac-sha1-etm@openssh.com', 'umac-64-etm@openssh.com', 'umac-128-etm@openssh.com', 'hmac-sha2-256-etm@openssh.com', 'hmac-sha2-512-etm@openssh.com', 'hmac-ripemd160-etm@openssh.com', 'hmac-sha1-96-etm@openssh.com', 'hmac-md5-96-etm@openssh.com', 'hmac-md5', 'hmac-sha1', 'umac-64@openssh.com', 'umac-128@openssh.com', 'hmac-sha2-256', 'hmac-sha2-512', 'hmac-ripemd160', 'hmac-ripemd160@openssh.com', 'hmac-sha1-96', 'hmac-md5-96'] client compress:['none', 'zlib@openssh.com'] server compress:['none', 'zlib@openssh.com'] client lang:[''] server lang:[''] kex follows?False
DEB [20140329-17:17:26.586] thr=1   paramiko.transport: Ciphers agreed: local=aes128-ctr, remote=aes128-ctr
DEB [20140329-17:17:26.586] thr=1   paramiko.transport: using kex diffie-hellman-group1-sha1; server key type ssh-rsa; cipher: local aes128-ctr, remote aes128-ctr; mac: local hmac-sha1, remote hmac-sha1; compression: local none, remote none
DEB [20140329-17:17:26.604] thr=1   paramiko.transport: Switch to new keys ...
DEB [20140329-17:17:26.607] thr=2   paramiko.transport: Attempting public-key auth...
DEB [20140329-17:17:26.646] thr=1   paramiko.transport: userauth is OK
INF [20140329-17:17:26.877] thr=1   paramiko.transport: Authentication (publickey) successful!
DEB [20140329-17:17:26.881] thr=2   paramiko.transport: [chan 1] Max packet in: 34816 bytes
DEB [20140329-17:17:26.893] thr=1   paramiko.transport: [chan 1] Max packet out: 32768 bytes
INF [20140329-17:17:26.893] thr=1   paramiko.transport: Secsh channel 1 opened.
DEB [20140329-17:17:26.939] thr=1   paramiko.transport: [chan 1] Sesch channel 1 request ok
DEB [20140329-17:17:27.048] thr=1   paramiko.transport: [chan 1] EOF received (1)
DEB [20140329-17:17:27.048] thr=1   paramiko.transport: [chan 1] EOF sent (1)
DEB [20140329-17:24:16.208] thr=3   paramiko.transport: starting thread (client mode): 0x610d690L
INF [20140329-17:24:16.219] thr=3   paramiko.transport: Connected (version 2.0, client OpenSSH_6.2p2)
DEB [20140329-17:24:16.222] thr=3   paramiko.transport: kex algos:['ecdh-sha2-nistp256', 'ecdh-sha2-nistp384', 'ecdh-sha2-nistp521', 'diffie-hellman-group-exchange-sha256', 'diffie-hellman-group-exchange-sha1', 'diffie-hellman-group14-sha1', 'diffie-hellman-group1-sha1'] server key:['ssh-rsa', 'ssh-dss', 'ecdsa-sha2-nistp256'] client encrypt:['aes128-ctr', 'aes192-ctr', 'aes256-ctr', 'arcfour256', 'arcfour128', 'aes128-gcm@openssh.com', 'aes256-gcm@openssh.com', 'aes128-cbc', '3des-cbc', 'blowfish-cbc', 'cast128-cbc', 'aes192-cbc', 'aes256-cbc', 'arcfour', 'rijndael-cbc@lysator.liu.se'] server encrypt:['aes128-ctr', 'aes192-ctr', 'aes256-ctr', 'arcfour256', 'arcfour128', 'aes128-gcm@openssh.com', 'aes256-gcm@openssh.com', 'aes128-cbc', '3des-cbc', 'blowfish-cbc', 'cast128-cbc', 'aes192-cbc', 'aes256-cbc', 'arcfour', 'rijndael-cbc@lysator.liu.se'] client mac:['hmac-md5-etm@openssh.com', 'hmac-sha1-etm@openssh.com', 'umac-64-etm@openssh.com', 'umac-128-etm@openssh.com', 'hmac-sha2-256-etm@openssh.com', 'hmac-sha2-512-etm@openssh.com', 'hmac-ripemd160-etm@openssh.com', 'hmac-sha1-96-etm@openssh.com', 'hmac-md5-96-etm@openssh.com', 'hmac-md5', 'hmac-sha1', 'umac-64@openssh.com', 'umac-128@openssh.com', 'hmac-sha2-256', 'hmac-sha2-512', 'hmac-ripemd160', 'hmac-ripemd160@openssh.com', 'hmac-sha1-96', 'hmac-md5-96'] server mac:['hmac-md5-etm@openssh.com', 'hmac-sha1-etm@openssh.com', 'umac-64-etm@openssh.com', 'umac-128-etm@openssh.com', 'hmac-sha2-256-etm@openssh.com', 'hmac-sha2-512-etm@openssh.com', 'hmac-ripemd160-etm@openssh.com', 'hmac-sha1-96-etm@openssh.com', 'hmac-md5-96-etm@openssh.com', 'hmac-md5', 'hmac-sha1', 'umac-64@openssh.com', 'umac-128@openssh.com', 'hmac-sha2-256', 'hmac-sha2-512', 'hmac-ripemd160', 'hmac-ripemd160@openssh.com', 'hmac-sha1-96', 'hmac-md5-96'] client compress:['none', 'zlib@openssh.com'] server compress:['none', 'zlib@openssh.com'] client lang:[''] server lang:[''] kex follows?False
DEB [20140329-17:24:16.223] thr=3   paramiko.transport: Ciphers agreed: local=aes128-ctr, remote=aes128-ctr
DEB [20140329-17:24:16.223] thr=3   paramiko.transport: using kex diffie-hellman-group1-sha1; server key type ssh-rsa; cipher: local aes128-ctr, remote aes128-ctr; mac: local hmac-sha1, remote hmac-sha1; compression: local none, remote none
DEB [20140329-17:24:16.272] thr=3   paramiko.transport: Switch to new keys ...
DEB [20140329-17:24:16.277] thr=2   paramiko.transport: Attempting public-key auth...
DEB [20140329-17:24:16.313] thr=3   paramiko.transport: userauth is OK
INF [20140329-17:24:21.419] thr=3   paramiko.transport: Authentication (publickey) successful!
DEB [20140329-17:24:21.421] thr=2   paramiko.transport: [chan 1] Max packet in: 34816 bytes
DEB [20140329-17:24:21.427] thr=3   paramiko.transport: [chan 1] Max packet out: 32768 bytes
INF [20140329-17:24:21.427] thr=3   paramiko.transport: Secsh channel 1 opened.
DEB [20140329-17:24:21.454] thr=3   paramiko.transport: [chan 1] Sesch channel 1 request ok
DEB [20140329-17:24:21.455] thr=3   paramiko.transport: [chan 1] EOF received (1)
DEB [20140329-17:24:21.455] thr=3   paramiko.transport: [chan 1] EOF sent (1)
DEB [20140329-17:25:32.306] thr=4   paramiko.transport: starting thread (client mode): 0x61c8750L
INF [20140329-17:25:32.364] thr=4   paramiko.transport: Connected (version 2.0, client OpenSSH_5.3p1)
DEB [20140329-17:25:32.366] thr=4   paramiko.transport: kex algos:['diffie-hellman-group-exchange-sha256', 'diffie-hellman-group-exchange-sha1', 'diffie-hellman-group14-sha1', 'diffie-hellman-group1-sha1'] server key:['ssh-rsa', 'ssh-dss'] client encrypt:['aes128-ctr', 'aes192-ctr', 'aes256-ctr', 'arcfour256', 'arcfour128', 'aes128-cbc', '3des-cbc', 'blowfish-cbc', 'cast128-cbc', 'aes192-cbc', 'aes256-cbc', 'arcfour', 'rijndael-cbc@lysator.liu.se'] server encrypt:['aes128-ctr', 'aes192-ctr', 'aes256-ctr', 'arcfour256', 'arcfour128', 'aes128-cbc', '3des-cbc', 'blowfish-cbc', 'cast128-cbc', 'aes192-cbc', 'aes256-cbc', 'arcfour', 'rijndael-cbc@lysator.liu.se'] client mac:['hmac-md5', 'hmac-sha1', 'umac-64@openssh.com', 'hmac-ripemd160', 'hmac-ripemd160@openssh.com', 'hmac-sha1-96', 'hmac-md5-96'] server mac:['hmac-md5', 'hmac-sha1', 'umac-64@openssh.com', 'hmac-ripemd160', 'hmac-ripemd160@openssh.com', 'hmac-sha1-96', 'hmac-md5-96'] client compress:['none', 'zlib@openssh.com'] server compress:['none', 'zlib@openssh.com'] client lang:[''] server lang:[''] kex follows?False
DEB [20140329-17:25:32.366] thr=4   paramiko.transport: Ciphers agreed: local=aes128-ctr, remote=aes128-ctr
DEB [20140329-17:25:32.366] thr=4   paramiko.transport: using kex diffie-hellman-group1-sha1; server key type ssh-rsa; cipher: local aes128-ctr, remote aes128-ctr; mac: local hmac-sha1, remote hmac-sha1; compression: local none, remote none
DEB [20140329-17:25:32.409] thr=4   paramiko.transport: Switch to new keys ...
DEB [20140329-17:25:32.409] thr=2   paramiko.transport: Attempting public-key auth...
DEB [20140329-17:25:32.467] thr=4   paramiko.transport: userauth is OK
INF [20140329-17:25:32.568] thr=4   paramiko.transport: Authentication (publickey) successful!
DEB [20140329-17:25:32.584] thr=2   paramiko.transport: [chan 1] Max packet in: 34816 bytes
DEB [20140329-17:25:32.586] thr=4   paramiko.transport: [chan 1] Max packet out: 32768 bytes
INF [20140329-17:25:32.586] thr=4   paramiko.transport: Secsh channel 1 opened.
DEB [20140329-17:25:32.627] thr=4   paramiko.transport: [chan 1] Sesch channel 1 request ok
DEB [20140329-17:25:32.640] thr=4   paramiko.transport: [chan 1] EOF received (1)
DEB [20140329-17:25:32.641] thr=4   paramiko.transport: [chan 1] EOF sent (1)
DEB [20140329-17:26:35.992] thr=5   paramiko.transport: starting thread (client mode): 0x61c6e10L
INF [20140329-17:26:36.006] thr=5   paramiko.transport: Connected (version 2.0, client OpenSSH_5.3p1)
DEB [20140329-17:26:36.009] thr=5   paramiko.transport: kex algos:['diffie-hellman-group-exchange-sha256', 'diffie-hellman-group-exchange-sha1', 'diffie-hellman-group14-sha1', 'diffie-hellman-group1-sha1'] server key:['ssh-rsa', 'ssh-dss'] client encrypt:['aes128-ctr', 'aes192-ctr', 'aes256-ctr', 'arcfour256', 'arcfour128', 'aes128-cbc', '3des-cbc', 'blowfish-cbc', 'cast128-cbc', 'aes192-cbc', 'aes256-cbc', 'arcfour', 'rijndael-cbc@lysator.liu.se'] server encrypt:['aes128-ctr', 'aes192-ctr', 'aes256-ctr', 'arcfour256', 'arcfour128', 'aes128-cbc', '3des-cbc', 'blowfish-cbc', 'cast128-cbc', 'aes192-cbc', 'aes256-cbc', 'arcfour', 'rijndael-cbc@lysator.liu.se'] client mac:['hmac-md5', 'hmac-sha1', 'umac-64@openssh.com', 'hmac-ripemd160', 'hmac-ripemd160@openssh.com', 'hmac-sha1-96', 'hmac-md5-96'] server mac:['hmac-md5', 'hmac-sha1', 'umac-64@openssh.com', 'hmac-ripemd160', 'hmac-ripemd160@openssh.com', 'hmac-sha1-96', 'hmac-md5-96'] client compress:['none', 'zlib@openssh.com'] server compress:['none', 'zlib@openssh.com'] client lang:[''] server lang:[''] kex follows?False
DEB [20140329-17:26:36.009] thr=5   paramiko.transport: Ciphers agreed: local=aes128-ctr, remote=aes128-ctr
DEB [20140329-17:26:36.009] thr=5   paramiko.transport: using kex diffie-hellman-group1-sha1; server key type ssh-rsa; cipher: local aes128-ctr, remote aes128-ctr; mac: local hmac-sha1, remote hmac-sha1; compression: local none, remote none
DEB [20140329-17:26:36.093] thr=5   paramiko.transport: Switch to new keys ...
DEB [20140329-17:26:36.094] thr=2   paramiko.transport: Attempting public-key auth...
DEB [20140329-17:26:36.134] thr=5   paramiko.transport: userauth is OK
INF [20140329-17:26:36.209] thr=5   paramiko.transport: Authentication (publickey) successful!
DEB [20140329-17:26:36.213] thr=2   paramiko.transport: [chan 1] Max packet in: 34816 bytes
DEB [20140329-17:26:36.215] thr=5   paramiko.transport: [chan 1] Max packet out: 32768 bytes
INF [20140329-17:26:36.215] thr=5   paramiko.transport: Secsh channel 1 opened.
DEB [20140329-17:26:36.256] thr=5   paramiko.transport: [chan 1] Sesch channel 1 request ok
DEB [20140329-17:26:36.257] thr=5   paramiko.transport: [chan 1] EOF received (1)
DEB [20140329-17:26:36.257] thr=5   paramiko.transport: [chan 1] EOF sent (1)
DEB [20140329-17:26:50.159] thr=6   paramiko.transport: starting thread (client mode): 0x6110450L
INF [20140329-17:26:50.175] thr=6   paramiko.transport: Connected (version 2.0, client OpenSSH_5.3p1)
DEB [20140329-17:26:50.177] thr=6   paramiko.transport: kex algos:['diffie-hellman-group-exchange-sha256', 'diffie-hellman-group-exchange-sha1', 'diffie-hellman-group14-sha1', 'diffie-hellman-group1-sha1'] server key:['ssh-rsa', 'ssh-dss'] client encrypt:['aes128-ctr', 'aes192-ctr', 'aes256-ctr', 'arcfour256', 'arcfour128', 'aes128-cbc', '3des-cbc', 'blowfish-cbc', 'cast128-cbc', 'aes192-cbc', 'aes256-cbc', 'arcfour', 'rijndael-cbc@lysator.liu.se'] server encrypt:['aes128-ctr', 'aes192-ctr', 'aes256-ctr', 'arcfour256', 'arcfour128', 'aes128-cbc', '3des-cbc', 'blowfish-cbc', 'cast128-cbc', 'aes192-cbc', 'aes256-cbc', 'arcfour', 'rijndael-cbc@lysator.liu.se'] client mac:['hmac-md5', 'hmac-sha1', 'umac-64@openssh.com', 'hmac-ripemd160', 'hmac-ripemd160@openssh.com', 'hmac-sha1-96', 'hmac-md5-96'] server mac:['hmac-md5', 'hmac-sha1', 'umac-64@openssh.com', 'hmac-ripemd160', 'hmac-ripemd160@openssh.com', 'hmac-sha1-96', 'hmac-md5-96'] client compress:['none', 'zlib@openssh.com'] server compress:['none', 'zlib@openssh.com'] client lang:[''] server lang:[''] kex follows?False
DEB [20140329-17:26:50.177] thr=6   paramiko.transport: Ciphers agreed: local=aes128-ctr, remote=aes128-ctr
DEB [20140329-17:26:50.177] thr=6   paramiko.transport: using kex diffie-hellman-group1-sha1; server key type ssh-rsa; cipher: local aes128-ctr, remote aes128-ctr; mac: local hmac-sha1, remote hmac-sha1; compression: local none, remote none
DEB [20140329-17:26:50.260] thr=6   paramiko.transport: Switch to new keys ...
DEB [20140329-17:26:50.261] thr=2   paramiko.transport: Attempting public-key auth...
DEB [20140329-17:26:50.303] thr=6   paramiko.transport: userauth is OK
INF [20140329-17:26:50.378] thr=6   paramiko.transport: Authentication (publickey) successful!
DEB [20140329-17:26:50.380] thr=2   paramiko.transport: [chan 1] Max packet in: 34816 bytes
DEB [20140329-17:26:50.382] thr=6   paramiko.transport: [chan 1] Max packet out: 32768 bytes
INF [20140329-17:26:50.383] thr=6   paramiko.transport: Secsh channel 1 opened.
DEB [20140329-17:26:50.425] thr=6   paramiko.transport: [chan 1] Sesch channel 1 request ok
DEB [20140329-17:26:50.426] thr=6   paramiko.transport: [chan 1] EOF received (1)
DEB [20140329-17:26:50.426] thr=6   paramiko.transport: [chan 1] EOF sent (1)
DEB [20140329-17:27:54.539] thr=7   paramiko.transport: starting thread (client mode): 0x61c6150L
INF [20140329-17:27:54.553] thr=7   paramiko.transport: Connected (version 2.0, client OpenSSH_5.3p1)
DEB [20140329-17:27:54.555] thr=7   paramiko.transport: kex algos:['diffie-hellman-group-exchange-sha256', 'diffie-hellman-group-exchange-sha1', 'diffie-hellman-group14-sha1', 'diffie-hellman-group1-sha1'] server key:['ssh-rsa', 'ssh-dss'] client encrypt:['aes128-ctr', 'aes192-ctr', 'aes256-ctr', 'arcfour256', 'arcfour128', 'aes128-cbc', '3des-cbc', 'blowfish-cbc', 'cast128-cbc', 'aes192-cbc', 'aes256-cbc', 'arcfour', 'rijndael-cbc@lysator.liu.se'] server encrypt:['aes128-ctr', 'aes192-ctr', 'aes256-ctr', 'arcfour256', 'arcfour128', 'aes128-cbc', '3des-cbc', 'blowfish-cbc', 'cast128-cbc', 'aes192-cbc', 'aes256-cbc', 'arcfour', 'rijndael-cbc@lysator.liu.se'] client mac:['hmac-md5', 'hmac-sha1', 'umac-64@openssh.com', 'hmac-ripemd160', 'hmac-ripemd160@openssh.com', 'hmac-sha1-96', 'hmac-md5-96'] server mac:['hmac-md5', 'hmac-sha1', 'umac-64@openssh.com', 'hmac-ripemd160', 'hmac-ripemd160@openssh.com', 'hmac-sha1-96', 'hmac-md5-96'] client compress:['none', 'zlib@openssh.com'] server compress:['none', 'zlib@openssh.com'] client lang:[''] server lang:[''] kex follows?False
DEB [20140329-17:27:54.555] thr=7   paramiko.transport: Ciphers agreed: local=aes128-ctr, remote=aes128-ctr
DEB [20140329-17:27:54.555] thr=7   paramiko.transport: using kex diffie-hellman-group1-sha1; server key type ssh-rsa; cipher: local aes128-ctr, remote aes128-ctr; mac: local hmac-sha1, remote hmac-sha1; compression: local none, remote none
DEB [20140329-17:27:54.640] thr=7   paramiko.transport: Switch to new keys ...
DEB [20140329-17:27:54.648] thr=2   paramiko.transport: Attempting public-key auth...
DEB [20140329-17:27:54.678] thr=7   paramiko.transport: userauth is OK
INF [20140329-17:27:54.753] thr=7   paramiko.transport: Authentication (publickey) successful!
DEB [20140329-17:27:54.754] thr=2   paramiko.transport: [chan 1] Max packet in: 34816 bytes
DEB [20140329-17:27:54.757] thr=7   paramiko.transport: [chan 1] Max packet out: 32768 bytes
INF [20140329-17:27:54.757] thr=7   paramiko.transport: Secsh channel 1 opened.
DEB [20140329-17:27:54.798] thr=7   paramiko.transport: [chan 1] Sesch channel 1 request ok
DEB [20140329-17:27:54.799] thr=7   paramiko.transport: [chan 1] EOF received (1)
DEB [20140329-17:27:54.799] thr=7   paramiko.transport: [chan 1] EOF sent (1)
DEB [20140329-17:29:14.956] thr=8   paramiko.transport: starting thread (client mode): 0x6113350L
INF [20140329-17:29:14.970] thr=8   paramiko.transport: Connected (version 2.0, client OpenSSH_5.3p1)
DEB [20140329-17:29:14.972] thr=8   paramiko.transport: kex algos:['diffie-hellman-group-exchange-sha256', 'diffie-hellman-group-exchange-sha1', 'diffie-hellman-group14-sha1', 'diffie-hellman-group1-sha1'] server key:['ssh-rsa', 'ssh-dss'] client encrypt:['aes128-ctr', 'aes192-ctr', 'aes256-ctr', 'arcfour256', 'arcfour128', 'aes128-cbc', '3des-cbc', 'blowfish-cbc', 'cast128-cbc', 'aes192-cbc', 'aes256-cbc', 'arcfour', 'rijndael-cbc@lysator.liu.se'] server encrypt:['aes128-ctr', 'aes192-ctr', 'aes256-ctr', 'arcfour256', 'arcfour128', 'aes128-cbc', '3des-cbc', 'blowfish-cbc', 'cast128-cbc', 'aes192-cbc', 'aes256-cbc', 'arcfour', 'rijndael-cbc@lysator.liu.se'] client mac:['hmac-md5', 'hmac-sha1', 'umac-64@openssh.com', 'hmac-ripemd160', 'hmac-ripemd160@openssh.com', 'hmac-sha1-96', 'hmac-md5-96'] server mac:['hmac-md5', 'hmac-sha1', 'umac-64@openssh.com', 'hmac-ripemd160', 'hmac-ripemd160@openssh.com', 'hmac-sha1-96', 'hmac-md5-96'] client compress:['none', 'zlib@openssh.com'] server compress:['none', 'zlib@openssh.com'] client lang:[''] server lang:[''] kex follows?False
DEB [20140329-17:29:14.972] thr=8   paramiko.transport: Ciphers agreed: local=aes128-ctr, remote=aes128-ctr
DEB [20140329-17:29:14.972] thr=8   paramiko.transport: using kex diffie-hellman-group1-sha1; server key type ssh-rsa; cipher: local aes128-ctr, remote aes128-ctr; mac: local hmac-sha1, remote hmac-sha1; compression: local none, remote none
DEB [20140329-17:29:15.050] thr=8   paramiko.transport: Switch to new keys ...
DEB [20140329-17:29:15.058] thr=9   paramiko.transport: Attempting public-key auth...
DEB [20140329-17:29:15.091] thr=8   paramiko.transport: userauth is OK
INF [20140329-17:29:15.164] thr=8   paramiko.transport: Authentication (publickey) successful!
DEB [20140329-17:29:15.166] thr=9   paramiko.transport: [chan 1] Max packet in: 34816 bytes
DEB [20140329-17:29:15.168] thr=8   paramiko.transport: [chan 1] Max packet out: 32768 bytes
INF [20140329-17:29:15.168] thr=8   paramiko.transport: Secsh channel 1 opened.
DEB [20140329-17:29:15.218] thr=8   paramiko.transport: [chan 1] Sesch channel 1 request ok
DEB [20140329-17:29:15.218] thr=8   paramiko.transport: [chan 1] EOF received (1)
DEB [20140329-17:29:15.219] thr=8   paramiko.transport: [chan 1] EOF sent (1)
